<?xml version="1.0" encoding="UTF-8"?>
<testsuite xmlns:xsi="http://www.w3.org/2001/XMLSchema-instance" xsi:noNamespaceSchemaLocation="https://maven.apache.org/surefire/maven-surefire-plugin/xsd/surefire-test-report.xsd" name="org.game.battleship.CoordinateTest" time="0.02" tests="5" errors="0" skipped="0" failures="0">
  <properties>
[...]
</properties>
  <testcase name="negativeCoordinateYThrowsException" classname="org.game.battleship.CoordinateTest" time="0.013"/>
  <testcase name="checkValidCoordinatesCreated" classname="org.game.battleship.CoordinateTest" time="0"/>
  <testcase name="negativeCoordinateXThrowsException" classname="org.game.battleship.CoordinateTest" time="0"/>
  <testcase name="addCoordinateWithYIncrement" classname="org.game.battleship.CoordinateTest" time="0"/>
  <testcase name="addCoordinateWithXIncrement" classname="org.game.battleship.CoordinateTest" time="0"/>
</testsuite>